[INFO ] 2024-10-16 16:56:45.019 [main] LoginPageTests - Launching browser: chrome
[INFO ] 2024-10-16 17:00:34.072 [main] LoginPageTests - Launching browser: chrome
[INFO ] 2024-10-16 17:01:30.383 [main] LoginPageTests - Navigating to https://demoqa.com/login
[INFO ] 2024-10-16 17:02:49.007 [main] LoginPageTests - Launching browser: chrome
[INFO ] 2024-10-16 17:03:07.974 [main] LoginPageTests - Navigating to https://demoqa.com/login
[INFO ] 2024-10-16 17:05:07.066 [main] LoginPageTests - Launching browser: chrome
[INFO ] 2024-10-16 17:06:00.918 [main] LoginPageTests - Launching browser: chrome
[INFO ] 2024-10-16 17:06:48.984 [main] LoginPageTests - Launching browser: chrome
[INFO ] 2024-10-16 17:07:22.247 [main] LoginPageTests - Launching browser: chrome
[INFO ] 2024-10-16 17:08:09.932 [main] LoginPageTests - Launching browser: chrome
[INFO ] 2024-10-16 17:09:32.802 [main] LoginPageTests - Launching browser: chrome
[INFO ] 2024-10-16 17:09:53.046 [main] LoginPageTests - Navigating to https://demoqa.com/login
[INFO ] 2024-10-16 17:12:18.897 [main] LoginPageTests - Launching browser: chrome
[INFO ] 2024-10-16 17:13:20.892 [main] LoginPageTests - Navigating to https://demoqa.com/login
[INFO ] 2024-10-16 17:13:27.374 [main] LoginPageTests - Launching browser: chrome
[INFO ] 2024-10-16 17:13:36.520 [main] LoginPageTests - Navigating to https://demoqa.com/login
[INFO ] 2024-10-16 17:14:10.558 [main] LoginPageTests - Launching browser: chrome
[INFO ] 2024-10-16 17:23:04.507 [main] LoginPageTests - Launching browser: chrome
[INFO ] 2024-10-16 17:24:07.512 [main] LoginPageTests - Launching browser: chrome
[INFO ] 2024-10-16 17:25:40.790 [main] LoginPageTests - Launching browser: chrome
[INFO ] 2024-10-16 17:27:56.870 [main] LoginPageTests - Launching browser: chrome
[INFO ] 2024-10-16 17:40:13.324 [main] LoginPageTests - Launching browser: chrome
[INFO ] 2024-10-16 17:45:18.097 [main] LoginPageTests - Launching browser: chrome
[INFO ] 2024-10-16 17:45:40.230 [main] LoginPageTests - Launching browser: chrome
[INFO ] 2024-10-16 17:50:04.371 [main] LoginPageTests - Launching browser: chrome
[INFO ] 2024-10-16 18:10:30.617 [main] LoginPageTests - Launching browser: chrome
[INFO ] 2024-10-16 18:12:04.082 [main] LoginPageTests - Launching browser: chrome
[INFO ] 2024-10-16 18:12:10.378 [main] LoginPageTests - Navigating to https://demoqa.com/login
[INFO ] 2024-10-16 18:12:24.494 [main] LoginPageTests - Launching browser: chrome
[INFO ] 2024-10-16 18:13:00.612 [main] LoginPageTests - Launching browser: chrome
[INFO ] 2024-10-16 18:13:57.050 [main] LoginPageTests - Launching browser: chrome
[INFO ] 2024-10-16 18:16:22.622 [main] LoginPageTests - Launching browser: chrome
[INFO ] 2024-10-16 18:20:06.531 [main] LoginPageTests - Launching browser: chrome
[INFO ] 2024-10-16 18:22:46.973 [main] LoginPageTests - Launching browser: chrome
[INFO ] 2024-10-16 18:26:06.060 [main] LoginPageTests - Launching browser: chrome
[INFO ] 2024-10-16 18:30:55.134 [main] LoginPageTests - Launching browser: chrome
[INFO ] 2024-10-16 18:32:00.803 [main] LoginPageTests - Launching browser: chrome
[INFO ] 2024-10-16 18:34:34.699 [main] LoginPageTests - Launching browser: chrome
[INFO ] 2024-10-16 18:35:38.636 [main] LoginPageTests - Launching browser: chrome
[INFO ] 2024-10-16 18:36:42.511 [main] LoginPageTests - Launching browser: chrome
[INFO ] 2024-10-16 18:37:55.388 [main] LoginPageTests - Launching browser: chrome
[INFO ] 2024-10-16 18:39:05.997 [main] LoginPageTests - Launching browser: chrome
[INFO ] 2024-10-16 18:39:45.197 [main] LoginPageTests - Launching browser: chrome
[INFO ] 2024-10-16 18:40:33.578 [main] LoginPageTests - Launching browser: chrome
[INFO ] 2024-10-16 18:41:02.254 [main] LoginPageTests - Launching browser: chrome
[INFO ] 2024-10-16 18:49:01.315 [main] LoginPageTests - Launching browser: chrome
[INFO ] 2024-10-16 18:51:05.912 [main] LoginPageTests - Launching browser: chrome
[INFO ] 2024-10-16 18:52:13.652 [main] LoginPageTests - Launching browser: chrome
[INFO ] 2024-10-16 18:52:59.968 [main] LoginPageTests - Navigating to https://demoqa.com/login
[INFO ] 2024-10-16 18:53:43.273 [main] LoginPageTests - Launching browser: chrome
[INFO ] 2024-10-16 18:59:47.770 [main] LoginPageTests - Launching browser: chrome
[INFO ] 2024-10-16 19:01:49.635 [main] LoginPageTests - Launching browser: chrome
[INFO ] 2024-10-16 19:02:32.871 [main] LoginPageTests - Navigating to https://demoqa.com/login
[INFO ] 2024-10-16 19:03:23.060 [main] LoginPageTests - Launching browser: chrome
[INFO ] 2024-10-16 19:03:55.436 [main] LoginPageTests - Navigating to https://demoqa.com/login
[INFO ] 2024-10-16 19:04:53.625 [main] LoginPageTests - Launching browser: chrome
[INFO ] 2024-10-16 19:05:26.407 [main] LoginPageTests - Navigating to https://demoqa.com/login
[INFO ] 2024-10-16 19:06:34.841 [main] LoginPageTests - Launching browser: chrome
[INFO ] 2024-10-16 19:06:55.086 [main] LoginPageTests - Navigating to https://demoqa.com/login
[INFO ] 2024-10-16 19:20:39.496 [main] LoginPageTests - Launching browser: chrome
[INFO ] 2024-10-16 19:20:54.907 [main] LoginPageTests - Navigating to https://demoqa.com/login
[INFO ] 2024-10-16 19:23:35.877 [main] LoginPageTests - Launching browser: chrome
[INFO ] 2024-10-16 19:23:53.891 [main] LoginPageTests - Navigating to https://demoqa.com/login
[INFO ] 2024-10-16 19:24:56.364 [main] LoginPageTests - Launching browser: chrome
[INFO ] 2024-10-16 19:25:25.490 [main] LoginPageTests - Navigating to https://demoqa.com/login
[INFO ] 2024-10-16 19:26:30.337 [main] LoginPageTests - Launching browser: chrome
[INFO ] 2024-10-16 19:26:55.541 [main] LoginPageTests - Navigating to https://demoqa.com/login
[INFO ] 2024-10-16 19:28:52.008 [main] LoginPageTests - Launching browser: chrome
[INFO ] 2024-10-16 19:30:18.447 [main] LoginPageTests - Launching browser: chrome
[INFO ] 2024-10-16 19:30:34.367 [main] LoginPageTests - Navigating to https://demoqa.com/login
[INFO ] 2024-10-16 19:37:16.142 [main] LoginPageTests - Launching browser: chrome
[INFO ] 2024-10-16 19:37:36.977 [main] LoginPageTests - Navigating to https://demoqa.com/login
[INFO ] 2024-10-16 19:39:24.398 [main] LoginPageTests - Launching browser: chrome
[INFO ] 2024-10-16 19:39:36.719 [main] LoginPageTests - Navigating to https://demoqa.com/login
[INFO ] 2024-10-16 19:41:29.136 [main] LoginPageTests - Launching browser: chrome
[INFO ] 2024-10-16 19:41:34.215 [main] LoginPageTests - Navigating to https://demoqa.com/login
[INFO ] 2024-10-16 19:56:41.986 [main] LoginPageTests - Launching browser: chrome
[INFO ] 2024-10-16 19:56:59.549 [main] LoginPageTests - Navigating to https://demoqa.com/login
[INFO ] 2024-10-16 19:59:37.795 [main] LoginPageTests - Launching browser: chrome
[INFO ] 2024-10-16 19:59:54.568 [main] LoginPageTests - Navigating to https://demoqa.com/login
[INFO ] 2024-10-16 20:00:58.574 [main] LoginPageTests - Launching browser: chrome
[INFO ] 2024-10-16 20:01:38.882 [main] LoginPageTests - Navigating to https://demoqa.com/login
[INFO ] 2024-10-16 20:10:24.118 [main] LoginPageTests - Launching browser: chrome
[INFO ] 2024-10-16 20:10:46.308 [main] LoginPageTests - Navigating to https://demoqa.com/login
[INFO ] 2024-10-16 20:16:36.861 [main] LoginPageTests - Launching browser: chrome
[INFO ] 2024-10-16 20:16:57.861 [main] LoginPageTests - Navigating to https://demoqa.com/login
[INFO ] 2024-10-16 20:20:19.545 [main] LoginPageTests - Launching browser: chrome
[INFO ] 2024-10-16 20:20:40.288 [main] LoginPageTests - Navigating to https://demoqa.com/login
[INFO ] 2024-10-16 20:57:02.731 [main] LoginPageTests - Launching browser: chrome
[INFO ] 2024-10-16 20:57:25.809 [main] LoginPageTests - Navigating to https://demoqa.com/login
[INFO ] 2024-10-16 21:02:06.540 [TestNG-tests-1] LoginPageTests - Launching browser: chrome
[INFO ] 2024-10-16 21:02:31.021 [TestNG-tests-1] LoginPageTests - Launching browser: chrome
[INFO ] 2024-10-16 21:04:06.280 [TestNG-tests-1] LoginPageTests - Navigating to https://demoqa.com/login
[INFO ] 2024-10-16 21:04:29.608 [TestNG-tests-1] LoginPageTests - Launching browser: chrome
[INFO ] 2024-10-16 21:05:23.559 [TestNG-tests-1] LoginPageTests - Launching browser: chrome
[INFO ] 2024-10-16 21:05:53.282 [TestNG-tests-1] LoginPageTests - Navigating to https://demoqa.com/login
[INFO ] 2024-10-16 21:06:27.046 [TestNG-tests-1] LoginPageTests - Launching browser: chrome
[INFO ] 2024-10-16 21:08:15.257 [TestNG-tests-1] LoginPageTests - Launching browser: chrome
[INFO ] 2024-10-16 21:09:50.725 [TestNG-tests-1] LoginPageTests - Navigating to https://demoqa.com/login
[INFO ] 2024-10-16 21:10:33.398 [TestNG-tests-1] LoginPageTests - Launching browser: chrome
[INFO ] 2024-10-16 21:12:07.841 [TestNG-tests-1] LoginPageTests - Navigating to https://demoqa.com/login
[INFO ] 2024-10-16 23:03:12.081 [main] UserRegistrationTest - Launching browser: chrome
[INFO ] 2024-10-16 23:03:46.762 [main] UserRegistrationTest - Navigating to https://demoqa.com/login
[INFO ] 2024-10-17 12:59:34.221 [main] LoginPageTests - Launching browser: chrome
[INFO ] 2024-10-17 13:00:02.500 [main] LoginPageTests - Navigating to https://demoqa.com/login
[INFO ] 2024-10-17 13:02:02.858 [main] LoginPageTests - Launching browser: chrome
[INFO ] 2024-10-17 13:02:22.357 [main] LoginPageTests - Navigating to https://demoqa.com/login
[INFO ] 2024-10-17 13:07:17.069 [main] LoginPageTests - Launching browser: chrome
[INFO ] 2024-10-17 13:07:38.546 [main] LoginPageTests - Navigating to https://demoqa.com/login
[INFO ] 2024-10-17 15:03:54.030 [main] BrowserWindowsTest - Launching browser: chrome
[INFO ] 2024-10-17 15:04:15.635 [main] BrowserWindowsTest - Navigating to https://demoqa.com/login
[INFO ] 2024-10-17 15:06:50.617 [main] BrowserWindowsTest - Launching browser: chrome
[INFO ] 2024-10-17 15:07:11.744 [main] BrowserWindowsTest - Navigating to https://demoqa.com/login
[INFO ] 2024-10-17 15:08:17.079 [main] BrowserWindowsTest - Launching browser: chrome
[INFO ] 2024-10-17 15:08:30.285 [main] BrowserWindowsTest - Navigating to https://demoqa.com/login
[INFO ] 2024-10-17 15:10:46.943 [main] BrowserWindowsTest - Launching browser: chrome
[INFO ] 2024-10-17 15:11:04.756 [main] BrowserWindowsTest - Navigating to https://demoqa.com/login
[INFO ] 2024-10-17 15:11:17.385 [main] BrowserWindowsTest - Launching browser: chrome
[INFO ] 2024-10-17 15:11:39.841 [main] BrowserWindowsTest - Navigating to https://demoqa.com/login
[INFO ] 2024-10-17 15:13:13.042 [main] BrowserWindowsTest - Launching browser: chrome
[INFO ] 2024-10-17 15:13:35.075 [main] BrowserWindowsTest - Navigating to https://demoqa.com/login
[INFO ] 2024-10-17 15:17:22.490 [main] LoginPageTests - Launching browser: chrome
[INFO ] 2024-10-17 15:18:05.209 [main] LoginPageTests - Navigating to https://demoqa.com/login
[INFO ] 2024-10-17 15:18:38.321 [main] LoginPageTests - Launching browser: chrome
[INFO ] 2024-10-17 15:18:58.261 [main] LoginPageTests - Navigating to https://demoqa.com/login
[INFO ] 2024-10-17 15:23:01.260 [main] LoginPageTests - Launching browser: chrome
[INFO ] 2024-10-17 15:23:25.895 [main] LoginPageTests - Navigating to https://demoqa.com/login
[INFO ] 2024-10-17 15:23:58.838 [main] LoginPageTests - Launching browser: chrome
[INFO ] 2024-10-17 15:24:43.810 [main] LoginPageTests - Navigating to https://demoqa.com/login
[INFO ] 2024-10-17 16:21:35.303 [main] StudentRegistrationFormTest - Launching browser: chrome
[INFO ] 2024-10-17 16:22:09.958 [main] StudentRegistrationFormTest - Navigating to https://demoqa.com/login
[INFO ] 2024-10-17 16:23:59.593 [main] StudentRegistrationFormTest - Launching browser: chrome
[INFO ] 2024-10-17 16:24:16.070 [main] StudentRegistrationFormTest - Navigating to https://demoqa.com/login
[INFO ] 2024-10-17 16:25:37.986 [main] StudentRegistrationFormTest - Launching browser: chrome
[INFO ] 2024-10-17 16:25:56.870 [main] StudentRegistrationFormTest - Navigating to https://demoqa.com/login
[INFO ] 2024-10-17 16:26:39.738 [main] StudentRegistrationFormTest - Launching browser: chrome
[INFO ] 2024-10-17 16:26:56.908 [main] StudentRegistrationFormTest - Navigating to https://demoqa.com/login
[INFO ] 2024-10-17 16:31:49.523 [main] StudentRegistrationFormTest - Launching browser: chrome
[INFO ] 2024-10-17 16:31:51.171 [main] StudentRegistrationFormTest - Navigating to https://demoqa.com/login
[INFO ] 2024-10-17 16:34:17.497 [main] StudentRegistrationFormTest - Launching browser: chrome
[INFO ] 2024-10-17 16:34:42.399 [main] StudentRegistrationFormTest - Navigating to https://demoqa.com/login
[INFO ] 2024-10-17 16:37:26.444 [main] StudentRegistrationFormTest - Launching browser: chrome
[INFO ] 2024-10-17 16:37:49.473 [main] StudentRegistrationFormTest - Navigating to https://demoqa.com/login
[INFO ] 2024-10-17 16:39:12.544 [main] StudentRegistrationFormTest - Launching browser: chrome
[INFO ] 2024-10-17 16:39:30.596 [main] StudentRegistrationFormTest - Navigating to https://demoqa.com/login
[INFO ] 2024-10-17 16:41:47.673 [main] StudentRegistrationFormTest - Launching browser: chrome
[INFO ] 2024-10-17 16:42:14.161 [main] StudentRegistrationFormTest - Navigating to https://demoqa.com/login
[INFO ] 2024-10-17 16:43:21.155 [main] StudentRegistrationFormTest - Launching browser: chrome
[INFO ] 2024-10-17 16:44:20.183 [main] StudentRegistrationFormTest - Navigating to https://demoqa.com/login
[INFO ] 2024-10-17 16:46:34.476 [main] StudentRegistrationFormTest - Launching browser: chrome
[INFO ] 2024-10-17 16:46:56.305 [main] StudentRegistrationFormTest - Navigating to https://demoqa.com/login
[INFO ] 2024-10-17 16:47:46.619 [main] StudentRegistrationFormTest - Launching browser: chrome
[INFO ] 2024-10-17 16:48:02.715 [main] StudentRegistrationFormTest - Navigating to https://demoqa.com/login
[INFO ] 2024-10-17 16:49:05.667 [main] StudentRegistrationFormTest - Launching browser: chrome
[INFO ] 2024-10-17 16:49:13.894 [main] StudentRegistrationFormTest - Navigating to https://demoqa.com/login
[INFO ] 2024-10-17 16:50:26.206 [main] StudentRegistrationFormTest - Launching browser: chrome
[INFO ] 2024-10-17 16:50:51.644 [main] StudentRegistrationFormTest - Navigating to https://demoqa.com/login
[INFO ] 2024-10-17 16:51:58.947 [main] StudentRegistrationFormTest - Launching browser: chrome
[INFO ] 2024-10-17 16:52:16.151 [main] StudentRegistrationFormTest - Navigating to https://demoqa.com/login
[INFO ] 2024-10-17 16:59:25.410 [main] StudentRegistrationFormTest - Launching browser: chrome
[INFO ] 2024-10-17 16:59:45.425 [main] StudentRegistrationFormTest - Navigating to https://demoqa.com/login
[INFO ] 2024-10-17 17:05:20.567 [main] StudentRegistrationFormTest - Launching browser: chrome
[INFO ] 2024-10-17 17:05:50.201 [main] StudentRegistrationFormTest - Navigating to https://demoqa.com/login
[INFO ] 2024-10-17 17:06:55.717 [main] StudentRegistrationFormTest - Launching browser: chrome
[INFO ] 2024-10-17 17:07:24.743 [main] StudentRegistrationFormTest - Navigating to https://demoqa.com/login
[INFO ] 2024-10-17 17:09:41.285 [main] StudentRegistrationFormTest - Launching browser: chrome
[INFO ] 2024-10-17 17:10:02.800 [main] StudentRegistrationFormTest - Navigating to https://demoqa.com/login
[INFO ] 2024-10-17 17:24:53.808 [main] StudentRegistrationFormTest - Launching browser: chrome
[INFO ] 2024-10-17 17:25:56.037 [main] StudentRegistrationFormTest - Navigating to https://demoqa.com/login
[INFO ] 2024-10-17 17:27:41.290 [main] StudentRegistrationFormTest - Launching browser: chrome
[INFO ] 2024-10-17 17:27:58.755 [main] StudentRegistrationFormTest - Navigating to https://demoqa.com/login
[INFO ] 2024-10-17 18:13:20.256 [main] StudentRegistrationFormTest - Launching browser: chrome
[INFO ] 2024-10-17 18:13:51.674 [main] StudentRegistrationFormTest - Navigating to https://demoqa.com/login
[INFO ] 2024-10-17 18:29:49.952 [main] StudentRegistrationFormTest - Launching browser: chrome
[INFO ] 2024-10-17 18:30:05.769 [main] StudentRegistrationFormTest - Navigating to https://demoqa.com/login
[INFO ] 2024-10-17 18:30:48.522 [main] StudentRegistrationFormTest - Launching browser: chrome
[INFO ] 2024-10-17 18:31:37.204 [main] StudentRegistrationFormTest - Navigating to https://demoqa.com/login
[INFO ] 2024-10-17 18:36:52.264 [main] StudentRegistrationFormTest - Launching browser: chrome
[INFO ] 2024-10-17 18:37:41.284 [main] StudentRegistrationFormTest - Navigating to https://demoqa.com/login
[INFO ] 2024-10-17 18:42:47.394 [main] StudentRegistrationFormTest - Launching browser: chrome
[INFO ] 2024-10-17 18:43:01.392 [main] StudentRegistrationFormTest - Navigating to https://demoqa.com/login
[INFO ] 2024-10-17 18:44:16.805 [main] StudentRegistrationFormTest - Launching browser: chrome
[INFO ] 2024-10-17 18:44:33.399 [main] StudentRegistrationFormTest - Navigating to https://demoqa.com/login
[INFO ] 2024-10-17 18:45:08.149 [main] StudentRegistrationFormTest - Launching browser: chrome
[INFO ] 2024-10-17 18:46:31.808 [main] StudentRegistrationFormTest - Navigating to https://demoqa.com/login
[INFO ] 2024-10-17 18:48:26.307 [main] StudentRegistrationFormTest - Launching browser: chrome
[INFO ] 2024-10-17 18:49:07.216 [main] StudentRegistrationFormTest - Navigating to https://demoqa.com/login
[INFO ] 2024-10-17 18:53:13.936 [main] StudentRegistrationFormTest - Launching browser: chrome
[INFO ] 2024-10-17 18:53:51.812 [main] StudentRegistrationFormTest - Navigating to https://demoqa.com/login
[INFO ] 2024-10-17 18:56:44.098 [main] StudentRegistrationFormTest - Launching browser: chrome
[INFO ] 2024-10-17 18:57:30.178 [main] StudentRegistrationFormTest - Navigating to https://demoqa.com/login
[INFO ] 2024-10-17 19:03:15.924 [main] StudentRegistrationFormTest - Launching browser: chrome
[INFO ] 2024-10-17 19:03:48.313 [main] StudentRegistrationFormTest - Navigating to https://demoqa.com/login
[INFO ] 2024-10-17 19:04:47.887 [main] StudentRegistrationFormTest - Launching browser: chrome
[INFO ] 2024-10-17 19:05:19.394 [main] StudentRegistrationFormTest - Navigating to https://demoqa.com/login
[INFO ] 2024-10-17 19:12:37.472 [main] StudentRegistrationFormTest - Launching browser: chrome
[INFO ] 2024-10-17 19:13:08.991 [main] StudentRegistrationFormTest - Navigating to https://demoqa.com/login
[INFO ] 2024-10-17 19:24:38.275 [main] StudentRegistrationFormTest - Launching browser: chrome
[INFO ] 2024-10-17 19:25:10.779 [main] StudentRegistrationFormTest - Navigating to https://demoqa.com/login
[INFO ] 2024-10-17 19:26:04.474 [main] StudentRegistrationFormTest - Launching browser: chrome
[INFO ] 2024-10-17 19:26:41.300 [main] StudentRegistrationFormTest - Navigating to https://demoqa.com/login
[INFO ] 2024-10-17 19:28:01.617 [TestNG-tests-1] LoginPageTests - Launching browser: chrome
[INFO ] 2024-10-17 19:28:41.036 [TestNG-tests-1] LoginPageTests - Launching browser: chrome
[INFO ] 2024-10-17 19:29:11.190 [TestNG-tests-1] LoginPageTests - Navigating to https://demoqa.com/login
[INFO ] 2024-10-17 19:29:13.763 [TestNG-tests-1] LoginPageTests - Launching browser: chrome
[INFO ] 2024-10-17 19:29:38.671 [TestNG-tests-1] LoginPageTests - Navigating to https://demoqa.com/login
[INFO ] 2024-10-17 19:29:41.369 [TestNG-tests-1] LoginPageTests - Launching browser: chrome
[INFO ] 2024-10-17 19:30:10.346 [TestNG-tests-1] LoginPageTests - Navigating to https://demoqa.com/login
[INFO ] 2024-10-17 19:30:12.943 [TestNG-tests-1] LoginPageTests - Launching browser: chrome
[INFO ] 2024-10-17 19:31:10.588 [TestNG-tests-1] LoginPageTests - Navigating to https://demoqa.com/login
[INFO ] 2024-10-17 19:32:26.132 [main] LoginPageTests - Launching browser: chrome
[INFO ] 2024-10-17 19:33:06.214 [main] LoginPageTests - Navigating to https://demoqa.com/login
[INFO ] 2024-10-17 19:33:08.792 [main] LoginPageTests - Launching browser: chrome
[INFO ] 2024-10-17 19:33:51.572 [main] LoginPageTests - Navigating to https://demoqa.com/login
[INFO ] 2024-10-17 19:34:13.532 [main] LoginPageTests - Launching browser: chrome
[INFO ] 2024-10-17 19:35:06.459 [main] LoginPageTests - Navigating to https://demoqa.com/login
[INFO ] 2024-10-17 19:37:38.134 [main] LoginPageTests - Launching browser: chrome
[INFO ] 2024-10-17 19:38:08.152 [main] LoginPageTests - Navigating to https://demoqa.com/login
[INFO ] 2024-10-17 19:38:11.716 [main] LoginPageTests - Launching browser: chrome
[INFO ] 2024-10-17 19:38:38.872 [main] LoginPageTests - Navigating to https://demoqa.com/login
[INFO ] 2024-10-17 19:39:50.474 [TestNG-tests-1] LoginPageTests - Launching browser: chrome
[INFO ] 2024-10-17 19:40:45.920 [TestNG-tests-1] LoginPageTests - Navigating to https://demoqa.com/login
[INFO ] 2024-10-17 19:40:49.489 [TestNG-tests-1] LoginPageTests - Launching browser: chrome
[INFO ] 2024-10-17 19:41:13.590 [TestNG-tests-1] LoginPageTests - Navigating to https://demoqa.com/login
[INFO ] 2024-10-17 19:41:17.602 [TestNG-tests-1] LoginPageTests - Launching browser: chrome
[INFO ] 2024-10-17 19:42:20.658 [TestNG-tests-1] LoginPageTests - Navigating to https://demoqa.com/login
[INFO ] 2024-10-17 19:42:23.285 [TestNG-tests-1] LoginPageTests - Launching browser: chrome
[INFO ] 2024-10-17 19:43:07.734 [TestNG-tests-1] LoginPageTests - Navigating to https://demoqa.com/login
[INFO ] 2024-10-17 19:47:29.127 [main] LoginPageTests - Launching browser: chrome
[INFO ] 2024-10-17 19:48:12.104 [TestNG-test=Chrome Test-1] LoginPageTests - Launching browser: chrome
[INFO ] 2024-10-17 19:48:12.104 [TestNG-test=Chrome Test-2] LoginPageTests - Launching browser: chrome
[INFO ] 2024-10-17 19:48:12.195 [TestNG-test=Chrome Test-3] LoginPageTests - Launching browser: chrome
[INFO ] 2024-10-17 19:48:46.123 [TestNG-test=Chrome Test-3] LoginPageTests - Navigating to https://demoqa.com/login
[INFO ] 2024-10-17 19:48:49.228 [TestNG-test=Chrome Test-3] LoginPageTests - Launching browser: chrome
[INFO ] 2024-10-17 19:49:37.639 [TestNG-test=Chrome Test-1] LoginPageTests - Navigating to https://demoqa.com/login
[INFO ] 2024-10-17 19:49:37.641 [TestNG-test=Chrome Test-2] LoginPageTests - Navigating to https://demoqa.com/login
[INFO ] 2024-10-17 19:49:37.646 [TestNG-test=Chrome Test-3] LoginPageTests - Navigating to https://demoqa.com/login
[INFO ] 2024-10-17 19:50:06.379 [TestNG-test=Chrome Test-2] LoginPageTests - Launching browser: chrome
[INFO ] 2024-10-17 19:50:06.379 [TestNG-test=Chrome Test-1] LoginPageTests - Launching browser: chrome
[INFO ] 2024-10-17 19:50:50.831 [TestNG-test=Chrome Test-2] LoginPageTests - Navigating to https://demoqa.com/login
[INFO ] 2024-10-17 19:50:50.831 [TestNG-test=Chrome Test-1] LoginPageTests - Navigating to https://demoqa.com/login
[INFO ] 2024-10-17 19:50:53.168 [TestNG-test=Chrome Test-2] LoginPageTests - Launching browser: chrome
[INFO ] 2024-10-17 19:50:56.738 [TestNG-test=Chrome Test-1] LoginPageTests - Launching browser: chrome
[INFO ] 2024-10-17 19:51:11.937 [TestNG-test=Chrome Test-1] LoginPageTests - Navigating to https://demoqa.com/login
[INFO ] 2024-10-17 19:52:02.001 [main] LoginPageTests - Launching browser: chrome
[INFO ] 2024-10-17 19:52:47.782 [main] LoginPageTests - Navigating to https://demoqa.com/login
[INFO ] 2024-10-17 19:52:51.316 [main] LoginPageTests - Launching browser: chrome
[INFO ] 2024-10-17 19:53:34.888 [main] LoginPageTests - Navigating to https://demoqa.com/login
[INFO ] 2024-10-17 19:53:38.996 [main] LoginPageTests - Launching browser: chrome
[INFO ] 2024-10-17 19:54:50.868 [main] LoginPageTests - Navigating to https://demoqa.com/login
[INFO ] 2024-10-17 19:54:53.974 [main] LoginPageTests - Launching browser: chrome
[INFO ] 2024-10-17 19:55:35.360 [main] LoginPageTests - Navigating to https://demoqa.com/login
[INFO ] 2024-10-17 19:59:15.851 [TestNG-test=Chrome Test-1] LoginPageTests - Launching browser: chrome
[INFO ] 2024-10-17 19:59:15.851 [TestNG-test=Chrome Test-2] LoginPageTests - Launching browser: chrome
[INFO ] 2024-10-17 19:59:55.844 [TestNG-test=Chrome Test-2] LoginPageTests - Navigating to https://demoqa.com/login
[INFO ] 2024-10-17 19:59:55.847 [TestNG-test=Chrome Test-1] LoginPageTests - Navigating to https://demoqa.com/login
[INFO ] 2024-10-17 19:59:58.680 [TestNG-test=Chrome Test-2] LoginPageTests - Launching browser: chrome
[INFO ] 2024-10-17 22:44:37.208 [TestNG-test=Chrome Test-1] LoginPageTests - Launching browser: chrome
[INFO ] 2024-10-17 22:44:37.279 [TestNG-test=Chrome Test-2] LoginPageTests - Launching browser: chrome
[INFO ] 2024-10-17 22:44:56.758 [TestNG-test=Chrome Test-2] LoginPageTests - Navigating to https://demoqa.com/login
[INFO ] 2024-10-17 22:45:19.034 [TestNG-test=Chrome Test-2] LoginPageTests - Launching browser: chrome
[INFO ] 2024-10-17 22:45:19.059 [TestNG-test=Chrome Test-1] LoginPageTests - Launching browser: chrome
[INFO ] 2024-10-17 22:45:49.139 [TestNG-test=Chrome Test-1] LoginPageTests - Navigating to https://demoqa.com/login
[INFO ] 2024-10-17 22:45:49.139 [TestNG-test=Chrome Test-2] LoginPageTests - Navigating to https://demoqa.com/login
[INFO ] 2024-10-17 22:49:21.988 [main] LoginPageTests - Launching browser: chrome
[INFO ] 2024-10-17 22:49:23.644 [main] LoginPageTests - Navigating to https://demoqa.com/login
[INFO ] 2024-10-17 22:49:37.469 [main] LoginPageTests - Launching browser: chrome
[INFO ] 2024-10-17 22:49:53.228 [main] LoginPageTests - Navigating to https://demoqa.com/login
[INFO ] 2024-10-17 22:49:56.851 [main] LoginPageTests - Launching browser: chrome
[INFO ] 2024-10-17 22:50:15.980 [main] LoginPageTests - Navigating to https://demoqa.com/login
[INFO ] 2024-10-17 22:50:20.422 [main] LoginPageTests - Launching browser: chrome
[INFO ] 2024-10-17 22:50:52.577 [main] LoginPageTests - Navigating to https://demoqa.com/login
[INFO ] 2024-10-18 13:01:15.930 [main] LoginPageTests - Navigating to https://demoqa.com/login
[INFO ] 2024-10-18 13:02:53.407 [main] LoginPageTests - Navigating to https://demoqa.com/login
[INFO ] 2024-10-18 13:04:19.433 [main] LoginPageTests - Navigating to https://demoqa.com/login
[INFO ] 2024-10-18 13:05:33.174 [main] LoginPageTests - Navigating to https://demoqa.com/login
[INFO ] 2024-10-18 13:08:07.797 [main] LoginPageTests - Navigating to https://demoqa.com/login
[INFO ] 2024-10-18 13:16:00.395 [main] LoginPageTests - Navigating to https://demoqa.com/login
[INFO ] 2024-10-18 13:20:08.580 [main] LoginPageTests - Navigating to https://demoqa.com/login
[INFO ] 2024-10-18 13:20:47.395 [main] LoginPageTests - Navigating to https://demoqa.com/login
[INFO ] 2024-10-18 13:22:09.521 [main] LoginPageTests - Navigating to https://demoqa.com/login
[INFO ] 2024-10-18 13:22:27.282 [main] LoginPageTests - Navigating to https://demoqa.com/login
[INFO ] 2024-10-18 13:26:37.105 [main] LoginPageTests - Navigating to https://demoqa.com/login
[INFO ] 2024-10-18 13:26:53.399 [main] LoginPageTests - Navigating to https://demoqa.com/login
[INFO ] 2024-10-18 13:27:01.976 [main] LoginPageTests - Navigating to https://demoqa.com/login
[INFO ] 2024-10-18 13:27:21.676 [main] LoginPageTests - Navigating to https://demoqa.com/login
[INFO ] 2024-10-18 13:36:54.501 [main] LoginPageTests - Navigating to https://demoqa.com/login
[INFO ] 2024-10-18 14:09:58.392 [main] LoginPageTests - Navigating to https://demoqa.com/login
[INFO ] 2024-10-22 15:08:58.273 [main] LoginPageTests - Navigating to https://demoqa.com/login
[INFO ] 2024-10-22 15:09:18.578 [main] LoginPageTests - Navigating to https://demoqa.com/login
[INFO ] 2024-10-22 15:09:36.479 [main] LoginPageTests - Navigating to https://demoqa.com/login
[INFO ] 2024-10-22 15:09:54.291 [main] LoginPageTests - Navigating to https://demoqa.com/login
[INFO ] 2024-11-15 16:05:52.275 [main] BookApiTests - Navigating to https://demoqa.com/login
[INFO ] 2024-11-15 16:06:01.972 [main] BookApiTests - Navigating to https://demoqa.com/login
[INFO ] 2024-11-15 16:08:04.260 [main] BrowserWindowsTest - Navigating to https://demoqa.com/login
